<?xml version="1.0" encoding="UTF-8"?>
<testng-results ignored="0" total="1" passed="1" failed="0" skipped="0">
  <reporter-output>
  </reporter-output>
  <suite started-at="2023-05-11T15:33:00 IST" name="Default suite" finished-at="2023-05-11T15:35:09 IST" duration-ms="129270">
    <groups>
    </groups>
    <test started-at="2023-05-11T15:33:00 IST" name="Default test" finished-at="2023-05-11T15:35:09 IST" duration-ms="129270">
      <class name="Scripts.TestCase2">
        <test-method is-config="true" signature="openApp()[pri:0, instance:Scripts.TestCase2@4fb3ee4e]" started-at="2023-05-11T15:33:00 IST" name="openApp" finished-at="2023-05-11T15:33:17 IST" duration-ms="17484" status="PASS">
          <reporter-output>
          </reporter-output>
        </test-method> <!-- openApp -->
        <test-method signature="TC2()[pri:0, instance:Scripts.TestCase2@4fb3ee4e]" started-at="2023-05-11T15:33:17 IST" name="TC2" finished-at="2023-05-11T15:35:08 IST" duration-ms="111237" status="PASS">
          <reporter-output>
          </reporter-output>
        </test-method> <!-- TC2 -->
        <test-method is-config="true" signature="closeApp(org.testng.ITestResult)[pri:0, instance:Scripts.TestCase2@4fb3ee4e]" started-at="2023-05-11T15:35:08 IST" name="closeApp" finished-at="2023-05-11T15:35:09 IST" duration-ms="480" status="PASS">
          <params>
            <param index="0">
              <value>
                <![CDATA[[TestResult name=TC2 status=SUCCESS method=TestCase2.TC2()[pri:0, instance:Scripts.TestCase2@4fb3ee4e] output={null}]]]>
              </value>
            </param>
          </params>
          <reporter-output>
          </reporter-output>
        </test-method> <!-- closeApp -->
      </class> <!-- Scripts.TestCase2 -->
    </test> <!-- Default test -->
  </suite> <!-- Default suite -->
</testng-results>
